The system is: Darwin - 17.3.0 - x86_64
Compiling the C compiler identification source file "CMakeCCompilerId.c" succeeded.
Compiler: /Users/jing/miniconda3/envs/pybind_env/bin/cc 
Build flags: 
Id flags:  

The output was:
0


Compilation of the C compiler identification source "CMakeCCompilerId.c" produced "a.out"

The C compiler identification is GNU, found in "/Users/jing/MolSSI-traning/pybind-tutorial/build/CMakeFiles/3.9.4/CompilerIdC/a.out"

Compiling the CXX compiler identification source file "CMakeCXXCompilerId.cpp" succeeded.
Compiler: /Users/jing/miniconda3/envs/pybind_env/bin/c++ 
Build flags: 
Id flags:  

The output was:
0


Compilation of the CXX compiler identification source "CMakeCXXCompilerId.cpp" produced "a.out"

The CXX compiler identification is GNU, found in "/Users/jing/MolSSI-traning/pybind-tutorial/build/CMakeFiles/3.9.4/CompilerIdCXX/a.out"

Determining if the C compiler works passed with the following output:
Change Dir: /Users/jing/MolSSI-traning/pybind-tutorial/build/CMakeFiles/CMakeTmp

Run Build Command:"/usr/bin/make" "cmTC_e89a8/fast"
/Applications/Xcode.app/Contents/Developer/usr/bin/make -f CMakeFiles/cmTC_e89a8.dir/build.make CMakeFiles/cmTC_e89a8.dir/build
Building C object CMakeFiles/cmTC_e89a8.dir/testCCompiler.c.o
/Users/jing/miniconda3/envs/pybind_env/bin/cc    -o CMakeFiles/cmTC_e89a8.dir/testCCompiler.c.o   -c /Users/jing/MolSSI-traning/pybind-tutorial/build/CMakeFiles/CMakeTmp/testCCompiler.c
Linking C executable cmTC_e89a8
/Users/jing/miniconda3/envs/pybind_env/bin/cmake -E cmake_link_script CMakeFiles/cmTC_e89a8.dir/link.txt --verbose=1
/Users/jing/miniconda3/envs/pybind_env/bin/cc   -Wl,-search_paths_first -Wl,-headerpad_max_install_names   CMakeFiles/cmTC_e89a8.dir/testCCompiler.c.o  -o cmTC_e89a8 


Detecting C compiler ABI info compiled with the following output:
Change Dir: /Users/jing/MolSSI-traning/pybind-tutorial/build/CMakeFiles/CMakeTmp

Run Build Command:"/usr/bin/make" "cmTC_dff8f/fast"
/Applications/Xcode.app/Contents/Developer/usr/bin/make -f CMakeFiles/cmTC_dff8f.dir/build.make CMakeFiles/cmTC_dff8f.dir/build
Building C object CMakeFiles/cmTC_dff8f.dir/CMakeCCompilerABI.c.o
/Users/jing/miniconda3/envs/pybind_env/bin/cc    -o CMakeFiles/cmTC_dff8f.dir/CMakeCCompilerABI.c.o   -c /Users/jing/miniconda3/envs/pybind_env/share/cmake-3.9/Modules/CMakeCCompilerABI.c
Linking C executable cmTC_dff8f
/Users/jing/miniconda3/envs/pybind_env/bin/cmake -E cmake_link_script CMakeFiles/cmTC_dff8f.dir/link.txt --verbose=1
/Users/jing/miniconda3/envs/pybind_env/bin/cc   -Wl,-search_paths_first -Wl,-headerpad_max_install_names  -v -Wl,-v CMakeFiles/cmTC_dff8f.dir/CMakeCCompilerABI.c.o  -o cmTC_dff8f 
Using built-in specs.
COLLECT_GCC=/Users/jing/miniconda3/envs/pybind_env/bin/cc
COLLECT_LTO_WRAPPER=/Users/jing/miniconda3/envs/pybind_env/libexec/gcc/x86_64-apple-darwin13.4.0/5.2.0/lto-wrapper
Target: x86_64-apple-darwin13.4.0
Configured with: ./configure --prefix=/Users/jing/miniconda3/envs/pybind_env --libdir=/Users/jing/miniconda3/envs/pybind_env/lib --with-gmp=/Users/jing/miniconda3/envs/pybind_env --with-mpfr=/Users/jing/miniconda3/envs/pybind_env --with-mpc=/Users/jing/miniconda3/envs/pybind_env --with-isl=/Users/jing/miniconda3/envs/pybind_env --with-cloog=/Users/jing/miniconda3/envs/pybind_env --with-boot-ldflags=-Wl,-headerpad_max_install_names --with-stage1-ldflags=-Wl,-headerpad_max_install_names --enable-checking=release --disable-multilib
Thread model: posix
gcc version 5.2.0 (GCC) 
COMPILER_PATH=/Users/jing/miniconda3/envs/pybind_env/libexec/gcc/x86_64-apple-darwin13.4.0/5.2.0/:/Users/jing/miniconda3/envs/pybind_env/libexec/gcc/x86_64-apple-darwin13.4.0/5.2.0/:/Users/jing/miniconda3/envs/pybind_env/libexec/gcc/x86_64-apple-darwin13.4.0/:/Users/jing/miniconda3/envs/pybind_env/lib/gcc/x86_64-apple-darwin13.4.0/5.2.0/:/Users/jing/miniconda3/envs/pybind_env/lib/gcc/x86_64-apple-darwin13.4.0/
LIBRARY_PATH=/Users/jing/miniconda3/envs/pybind_env/lib/gcc/x86_64-apple-darwin13.4.0/5.2.0/:/Users/jing/miniconda3/envs/pybind_env/lib/gcc/x86_64-apple-darwin13.4.0/5.2.0/../../../:/usr/lib/
COLLECT_GCC_OPTIONS='-mmacosx-version-min=10.13.3' '-v' '-o' 'cmTC_dff8f' '-mtune=core2'
 /Users/jing/miniconda3/envs/pybind_env/libexec/gcc/x86_64-apple-darwin13.4.0/5.2.0/collect2 -dynamic -arch x86_64 -macosx_version_min 10.13.3 -weak_reference_mismatches non-weak -o cmTC_dff8f -L/Users/jing/miniconda3/envs/pybind_env/lib/gcc/x86_64-apple-darwin13.4.0/5.2.0 -L/Users/jing/miniconda3/envs/pybind_env/lib/gcc/x86_64-apple-darwin13.4.0/5.2.0/../../.. -search_paths_first -headerpad_max_install_names -v CMakeFiles/cmTC_dff8f.dir/CMakeCCompilerABI.c.o -no_compact_unwind -lSystem -lgcc_ext.10.5 -lgcc -lSystem -v
collect2 version 5.2.0
/usr/bin/ld -dynamic -arch x86_64 -macosx_version_min 10.13.3 -weak_reference_mismatches non-weak -o cmTC_dff8f -L/Users/jing/miniconda3/envs/pybind_env/lib/gcc/x86_64-apple-darwin13.4.0/5.2.0 -L/Users/jing/miniconda3/envs/pybind_env/lib/gcc/x86_64-apple-darwin13.4.0/5.2.0/../../.. -search_paths_first -headerpad_max_install_names -v CMakeFiles/cmTC_dff8f.dir/CMakeCCompilerABI.c.o -no_compact_unwind -lSystem -lgcc_ext.10.5 -lgcc -lSystem -v
@(#)PROGRAM:ld  PROJECT:ld64-305
configured to support archs: armv6 armv7 armv7s arm64 i386 x86_64 x86_64h armv6m armv7k armv7m armv7em (tvOS)
@(#)PROGRAM:ld  PROJECT:ld64-305
configured to support archs: armv6 armv7 armv7s arm64 i386 x86_64 x86_64h armv6m armv7k armv7m armv7em (tvOS)
Library search paths:
	/Users/jing/miniconda3/envs/pybind_env/lib/gcc/x86_64-apple-darwin13.4.0/5.2.0
	/Users/jing/miniconda3/envs/pybind_env/lib
	/usr/lib
	/usr/local/lib
Framework search paths:
	/Library/Frameworks/
	/System/Library/Frameworks/


Parsed C implicit link information from above output:
  link line regex: [^( *|.*[/\])(ld|CMAKE_LINK_STARTFILE-NOTFOUND|([^/\]+-)?ld|collect2)[^/\]*( |$)]
  ignore line: [Change Dir: /Users/jing/MolSSI-traning/pybind-tutorial/build/CMakeFiles/CMakeTmp]
  ignore line: []
  ignore line: [Run Build Command:"/usr/bin/make" "cmTC_dff8f/fast"]
  ignore line: [/Applications/Xcode.app/Contents/Developer/usr/bin/make -f CMakeFiles/cmTC_dff8f.dir/build.make CMakeFiles/cmTC_dff8f.dir/build]
  ignore line: [Building C object CMakeFiles/cmTC_dff8f.dir/CMakeCCompilerABI.c.o]
  ignore line: [/Users/jing/miniconda3/envs/pybind_env/bin/cc    -o CMakeFiles/cmTC_dff8f.dir/CMakeCCompilerABI.c.o   -c /Users/jing/miniconda3/envs/pybind_env/share/cmake-3.9/Modules/CMakeCCompilerABI.c]
  ignore line: [Linking C executable cmTC_dff8f]
  ignore line: [/Users/jing/miniconda3/envs/pybind_env/bin/cmake -E cmake_link_script CMakeFiles/cmTC_dff8f.dir/link.txt --verbose=1]
  ignore line: [/Users/jing/miniconda3/envs/pybind_env/bin/cc   -Wl,-search_paths_first -Wl,-headerpad_max_install_names  -v -Wl,-v CMakeFiles/cmTC_dff8f.dir/CMakeCCompilerABI.c.o  -o cmTC_dff8f ]
  ignore line: [Using built-in specs.]
  ignore line: [COLLECT_GCC=/Users/jing/miniconda3/envs/pybind_env/bin/cc]
  ignore line: [COLLECT_LTO_WRAPPER=/Users/jing/miniconda3/envs/pybind_env/libexec/gcc/x86_64-apple-darwin13.4.0/5.2.0/lto-wrapper]
  ignore line: [Target: x86_64-apple-darwin13.4.0]
  ignore line: [Configured with: ./configure --prefix=/Users/jing/miniconda3/envs/pybind_env --libdir=/Users/jing/miniconda3/envs/pybind_env/lib --with-gmp=/Users/jing/miniconda3/envs/pybind_env --with-mpfr=/Users/jing/miniconda3/envs/pybind_env --with-mpc=/Users/jing/miniconda3/envs/pybind_env --with-isl=/Users/jing/miniconda3/envs/pybind_env --with-cloog=/Users/jing/miniconda3/envs/pybind_env --with-boot-ldflags=-Wl,-headerpad_max_install_names --with-stage1-ldflags=-Wl,-headerpad_max_install_names --enable-checking=release --disable-multilib]
  ignore line: [Thread model: posix]
  ignore line: [gcc version 5.2.0 (GCC) ]
  ignore line: [COMPILER_PATH=/Users/jing/miniconda3/envs/pybind_env/libexec/gcc/x86_64-apple-darwin13.4.0/5.2.0/:/Users/jing/miniconda3/envs/pybind_env/libexec/gcc/x86_64-apple-darwin13.4.0/5.2.0/:/Users/jing/miniconda3/envs/pybind_env/libexec/gcc/x86_64-apple-darwin13.4.0/:/Users/jing/miniconda3/envs/pybind_env/lib/gcc/x86_64-apple-darwin13.4.0/5.2.0/:/Users/jing/miniconda3/envs/pybind_env/lib/gcc/x86_64-apple-darwin13.4.0/]
  ignore line: [LIBRARY_PATH=/Users/jing/miniconda3/envs/pybind_env/lib/gcc/x86_64-apple-darwin13.4.0/5.2.0/:/Users/jing/miniconda3/envs/pybind_env/lib/gcc/x86_64-apple-darwin13.4.0/5.2.0/../../../:/usr/lib/]
  ignore line: [COLLECT_GCC_OPTIONS='-mmacosx-version-min=10.13.3' '-v' '-o' 'cmTC_dff8f' '-mtune=core2']
  link line: [ /Users/jing/miniconda3/envs/pybind_env/libexec/gcc/x86_64-apple-darwin13.4.0/5.2.0/collect2 -dynamic -arch x86_64 -macosx_version_min 10.13.3 -weak_reference_mismatches non-weak -o cmTC_dff8f -L/Users/jing/miniconda3/envs/pybind_env/lib/gcc/x86_64-apple-darwin13.4.0/5.2.0 -L/Users/jing/miniconda3/envs/pybind_env/lib/gcc/x86_64-apple-darwin13.4.0/5.2.0/../../.. -search_paths_first -headerpad_max_install_names -v CMakeFiles/cmTC_dff8f.dir/CMakeCCompilerABI.c.o -no_compact_unwind -lSystem -lgcc_ext.10.5 -lgcc -lSystem -v]
    arg [/Users/jing/miniconda3/envs/pybind_env/libexec/gcc/x86_64-apple-darwin13.4.0/5.2.0/collect2] ==> ignore
    arg [-dynamic] ==> ignore
    arg [-arch] ==> ignore
    arg [x86_64] ==> ignore
    arg [-macosx_version_min] ==> ignore
    arg [10.13.3] ==> ignore
    arg [-weak_reference_mismatches] ==> ignore
    arg [non-weak] ==> ignore
    arg [-o] ==> ignore
    arg [cmTC_dff8f] ==> ignore
    arg [-L/Users/jing/miniconda3/envs/pybind_env/lib/gcc/x86_64-apple-darwin13.4.0/5.2.0] ==> dir [/Users/jing/miniconda3/envs/pybind_env/lib/gcc/x86_64-apple-darwin13.4.0/5.2.0]
    arg [-L/Users/jing/miniconda3/envs/pybind_env/lib/gcc/x86_64-apple-darwin13.4.0/5.2.0/../../..] ==> dir [/Users/jing/miniconda3/envs/pybind_env/lib/gcc/x86_64-apple-darwin13.4.0/5.2.0/../../..]
    arg [-search_paths_first] ==> ignore
    arg [-headerpad_max_install_names] ==> ignore
    arg [-v] ==> ignore
    arg [CMakeFiles/cmTC_dff8f.dir/CMakeCCompilerABI.c.o] ==> ignore
    arg [-no_compact_unwind] ==> ignore
    arg [-lSystem] ==> lib [System]
    arg [-lgcc_ext.10.5] ==> lib [gcc_ext.10.5]
    arg [-lgcc] ==> lib [gcc]
    arg [-lSystem] ==> lib [System]
    arg [-v] ==> ignore
  Library search paths: [;/Users/jing/miniconda3/envs/pybind_env/lib/gcc/x86_64-apple-darwin13.4.0/5.2.0;/Users/jing/miniconda3/envs/pybind_env/lib;/usr/lib;/usr/local/lib]
  Framework search paths: [;/Library/Frameworks/;/System/Library/Frameworks/]
  remove lib [System]
  remove lib [System]
  collapse library dir [/Users/jing/miniconda3/envs/pybind_env/lib/gcc/x86_64-apple-darwin13.4.0/5.2.0] ==> [/Users/jing/miniconda3/envs/pybind_env/lib/gcc/x86_64-apple-darwin13.4.0/5.2.0]
  collapse library dir [/Users/jing/miniconda3/envs/pybind_env/lib/gcc/x86_64-apple-darwin13.4.0/5.2.0/../../..] ==> [/Users/jing/miniconda3/envs/pybind_env/lib]
  collapse library dir [/Users/jing/miniconda3/envs/pybind_env/lib/gcc/x86_64-apple-darwin13.4.0/5.2.0] ==> [/Users/jing/miniconda3/envs/pybind_env/lib/gcc/x86_64-apple-darwin13.4.0/5.2.0]
  collapse library dir [/Users/jing/miniconda3/envs/pybind_env/lib] ==> [/Users/jing/miniconda3/envs/pybind_env/lib]
  collapse library dir [/usr/lib] ==> [/usr/lib]
  collapse library dir [/usr/local/lib] ==> [/usr/local/lib]
  collapse framework dir [/Library/Frameworks/] ==> [/Library/Frameworks]
  collapse framework dir [/System/Library/Frameworks/] ==> [/System/Library/Frameworks]
  implicit libs: [gcc_ext.10.5;gcc]
  implicit dirs: [/Users/jing/miniconda3/envs/pybind_env/lib/gcc/x86_64-apple-darwin13.4.0/5.2.0;/Users/jing/miniconda3/envs/pybind_env/lib;/usr/lib;/usr/local/lib]
  implicit fwks: [/Library/Frameworks;/System/Library/Frameworks]




Detecting C [-std=c11] compiler features compiled with the following output:
Change Dir: /Users/jing/MolSSI-traning/pybind-tutorial/build/CMakeFiles/CMakeTmp

Run Build Command:"/usr/bin/make" "cmTC_7ae52/fast"
/Applications/Xcode.app/Contents/Developer/usr/bin/make -f CMakeFiles/cmTC_7ae52.dir/build.make CMakeFiles/cmTC_7ae52.dir/build
Building C object CMakeFiles/cmTC_7ae52.dir/feature_tests.c.o
/Users/jing/miniconda3/envs/pybind_env/bin/cc   -std=c11 -o CMakeFiles/cmTC_7ae52.dir/feature_tests.c.o   -c /Users/jing/MolSSI-traning/pybind-tutorial/build/CMakeFiles/feature_tests.c
Linking C executable cmTC_7ae52
/Users/jing/miniconda3/envs/pybind_env/bin/cmake -E cmake_link_script CMakeFiles/cmTC_7ae52.dir/link.txt --verbose=1
/Users/jing/miniconda3/envs/pybind_env/bin/cc   -Wl,-search_paths_first -Wl,-headerpad_max_install_names   CMakeFiles/cmTC_7ae52.dir/feature_tests.c.o  -o cmTC_7ae52 


    Feature record: C_FEATURE:1c_function_prototypes
    Feature record: C_FEATURE:1c_restrict
    Feature record: C_FEATURE:1c_static_assert
    Feature record: C_FEATURE:1c_variadic_macros


Detecting C [-std=c99] compiler features compiled with the following output:
Change Dir: /Users/jing/MolSSI-traning/pybind-tutorial/build/CMakeFiles/CMakeTmp

Run Build Command:"/usr/bin/make" "cmTC_dce7e/fast"
/Applications/Xcode.app/Contents/Developer/usr/bin/make -f CMakeFiles/cmTC_dce7e.dir/build.make CMakeFiles/cmTC_dce7e.dir/build
Building C object CMakeFiles/cmTC_dce7e.dir/feature_tests.c.o
/Users/jing/miniconda3/envs/pybind_env/bin/cc   -std=c99 -o CMakeFiles/cmTC_dce7e.dir/feature_tests.c.o   -c /Users/jing/MolSSI-traning/pybind-tutorial/build/CMakeFiles/feature_tests.c
Linking C executable cmTC_dce7e
/Users/jing/miniconda3/envs/pybind_env/bin/cmake -E cmake_link_script CMakeFiles/cmTC_dce7e.dir/link.txt --verbose=1
/Users/jing/miniconda3/envs/pybind_env/bin/cc   -Wl,-search_paths_first -Wl,-headerpad_max_install_names   CMakeFiles/cmTC_dce7e.dir/feature_tests.c.o  -o cmTC_dce7e 


    Feature record: C_FEATURE:1c_function_prototypes
    Feature record: C_FEATURE:1c_restrict
    Feature record: C_FEATURE:0c_static_assert
    Feature record: C_FEATURE:1c_variadic_macros


Detecting C [-std=c90] compiler features compiled with the following output:
Change Dir: /Users/jing/MolSSI-traning/pybind-tutorial/build/CMakeFiles/CMakeTmp

Run Build Command:"/usr/bin/make" "cmTC_c2724/fast"
/Applications/Xcode.app/Contents/Developer/usr/bin/make -f CMakeFiles/cmTC_c2724.dir/build.make CMakeFiles/cmTC_c2724.dir/build
Building C object CMakeFiles/cmTC_c2724.dir/feature_tests.c.o
/Users/jing/miniconda3/envs/pybind_env/bin/cc   -std=c90 -o CMakeFiles/cmTC_c2724.dir/feature_tests.c.o   -c /Users/jing/MolSSI-traning/pybind-tutorial/build/CMakeFiles/feature_tests.c
Linking C executable cmTC_c2724
/Users/jing/miniconda3/envs/pybind_env/bin/cmake -E cmake_link_script CMakeFiles/cmTC_c2724.dir/link.txt --verbose=1
/Users/jing/miniconda3/envs/pybind_env/bin/cc   -Wl,-search_paths_first -Wl,-headerpad_max_install_names   CMakeFiles/cmTC_c2724.dir/feature_tests.c.o  -o cmTC_c2724 


    Feature record: C_FEATURE:1c_function_prototypes
    Feature record: C_FEATURE:0c_restrict
    Feature record: C_FEATURE:0c_static_assert
    Feature record: C_FEATURE:0c_variadic_macros
Determining if the CXX compiler works passed with the following output:
Change Dir: /Users/jing/MolSSI-traning/pybind-tutorial/build/CMakeFiles/CMakeTmp

Run Build Command:"/usr/bin/make" "cmTC_d4633/fast"
/Applications/Xcode.app/Contents/Developer/usr/bin/make -f CMakeFiles/cmTC_d4633.dir/build.make CMakeFiles/cmTC_d4633.dir/build
Building CXX object CMakeFiles/cmTC_d4633.dir/testCXXCompiler.cxx.o
/Users/jing/miniconda3/envs/pybind_env/bin/c++     -o CMakeFiles/cmTC_d4633.dir/testCXXCompiler.cxx.o -c /Users/jing/MolSSI-traning/pybind-tutorial/build/CMakeFiles/CMakeTmp/testCXXCompiler.cxx
Linking CXX executable cmTC_d4633
/Users/jing/miniconda3/envs/pybind_env/bin/cmake -E cmake_link_script CMakeFiles/cmTC_d4633.dir/link.txt --verbose=1
/Users/jing/miniconda3/envs/pybind_env/bin/c++    -Wl,-search_paths_first -Wl,-headerpad_max_install_names   CMakeFiles/cmTC_d4633.dir/testCXXCompiler.cxx.o  -o cmTC_d4633 


Detecting CXX compiler ABI info compiled with the following output:
Change Dir: /Users/jing/MolSSI-traning/pybind-tutorial/build/CMakeFiles/CMakeTmp

Run Build Command:"/usr/bin/make" "cmTC_d709f/fast"
/Applications/Xcode.app/Contents/Developer/usr/bin/make -f CMakeFiles/cmTC_d709f.dir/build.make CMakeFiles/cmTC_d709f.dir/build
Building CXX object CMakeFiles/cmTC_d709f.dir/CMakeCXXCompilerABI.cpp.o
/Users/jing/miniconda3/envs/pybind_env/bin/c++     -o CMakeFiles/cmTC_d709f.dir/CMakeCXXCompilerABI.cpp.o -c /Users/jing/miniconda3/envs/pybind_env/share/cmake-3.9/Modules/CMakeCXXCompilerABI.cpp
Linking CXX executable cmTC_d709f
/Users/jing/miniconda3/envs/pybind_env/bin/cmake -E cmake_link_script CMakeFiles/cmTC_d709f.dir/link.txt --verbose=1
/Users/jing/miniconda3/envs/pybind_env/bin/c++    -Wl,-search_paths_first -Wl,-headerpad_max_install_names  -v -Wl,-v CMakeFiles/cmTC_d709f.dir/CMakeCXXCompilerABI.cpp.o  -o cmTC_d709f 
Using built-in specs.
COLLECT_GCC=/Users/jing/miniconda3/envs/pybind_env/bin/c++
COLLECT_LTO_WRAPPER=/Users/jing/miniconda3/envs/pybind_env/libexec/gcc/x86_64-apple-darwin13.4.0/5.2.0/lto-wrapper
Target: x86_64-apple-darwin13.4.0
Configured with: ./configure --prefix=/Users/jing/miniconda3/envs/pybind_env --libdir=/Users/jing/miniconda3/envs/pybind_env/lib --with-gmp=/Users/jing/miniconda3/envs/pybind_env --with-mpfr=/Users/jing/miniconda3/envs/pybind_env --with-mpc=/Users/jing/miniconda3/envs/pybind_env --with-isl=/Users/jing/miniconda3/envs/pybind_env --with-cloog=/Users/jing/miniconda3/envs/pybind_env --with-boot-ldflags=-Wl,-headerpad_max_install_names --with-stage1-ldflags=-Wl,-headerpad_max_install_names --enable-checking=release --disable-multilib
Thread model: posix
gcc version 5.2.0 (GCC) 
COMPILER_PATH=/Users/jing/miniconda3/envs/pybind_env/libexec/gcc/x86_64-apple-darwin13.4.0/5.2.0/:/Users/jing/miniconda3/envs/pybind_env/libexec/gcc/x86_64-apple-darwin13.4.0/5.2.0/:/Users/jing/miniconda3/envs/pybind_env/libexec/gcc/x86_64-apple-darwin13.4.0/:/Users/jing/miniconda3/envs/pybind_env/lib/gcc/x86_64-apple-darwin13.4.0/5.2.0/:/Users/jing/miniconda3/envs/pybind_env/lib/gcc/x86_64-apple-darwin13.4.0/
LIBRARY_PATH=/Users/jing/miniconda3/envs/pybind_env/lib/gcc/x86_64-apple-darwin13.4.0/5.2.0/:/Users/jing/miniconda3/envs/pybind_env/lib/gcc/x86_64-apple-darwin13.4.0/5.2.0/../../../:/usr/lib/
COLLECT_GCC_OPTIONS='-mmacosx-version-min=10.13.3' '-v' '-o' 'cmTC_d709f' '-shared-libgcc' '-mtune=core2'
 /Users/jing/miniconda3/envs/pybind_env/libexec/gcc/x86_64-apple-darwin13.4.0/5.2.0/collect2 -dynamic -arch x86_64 -macosx_version_min 10.13.3 -weak_reference_mismatches non-weak -o cmTC_d709f -L/Users/jing/miniconda3/envs/pybind_env/lib/gcc/x86_64-apple-darwin13.4.0/5.2.0 -L/Users/jing/miniconda3/envs/pybind_env/lib/gcc/x86_64-apple-darwin13.4.0/5.2.0/../../.. -search_paths_first -headerpad_max_install_names -v CMakeFiles/cmTC_d709f.dir/CMakeCXXCompilerABI.cpp.o -lstdc++ -no_compact_unwind -lSystem -lgcc_ext.10.5 -lgcc -lSystem -v
collect2 version 5.2.0
/usr/bin/ld -dynamic -arch x86_64 -macosx_version_min 10.13.3 -weak_reference_mismatches non-weak -o cmTC_d709f -L/Users/jing/miniconda3/envs/pybind_env/lib/gcc/x86_64-apple-darwin13.4.0/5.2.0 -L/Users/jing/miniconda3/envs/pybind_env/lib/gcc/x86_64-apple-darwin13.4.0/5.2.0/../../.. -search_paths_first -headerpad_max_install_names -v CMakeFiles/cmTC_d709f.dir/CMakeCXXCompilerABI.cpp.o -lstdc++ -no_compact_unwind -lSystem -lgcc_ext.10.5 -lgcc -lSystem -v
@(#)PROGRAM:ld  PROJECT:ld64-305
configured to support archs: armv6 armv7 armv7s arm64 i386 x86_64 x86_64h armv6m armv7k armv7m armv7em (tvOS)
@(#)PROGRAM:ld  PROJECT:ld64-305
configured to support archs: armv6 armv7 armv7s arm64 i386 x86_64 x86_64h armv6m armv7k armv7m armv7em (tvOS)
Library search paths:
	/Users/jing/miniconda3/envs/pybind_env/lib/gcc/x86_64-apple-darwin13.4.0/5.2.0
	/Users/jing/miniconda3/envs/pybind_env/lib
	/usr/lib
	/usr/local/lib
Framework search paths:
	/Library/Frameworks/
	/System/Library/Frameworks/


Parsed CXX implicit link information from above output:
  link line regex: [^( *|.*[/\])(ld|CMAKE_LINK_STARTFILE-NOTFOUND|([^/\]+-)?ld|collect2)[^/\]*( |$)]
  ignore line: [Change Dir: /Users/jing/MolSSI-traning/pybind-tutorial/build/CMakeFiles/CMakeTmp]
  ignore line: []
  ignore line: [Run Build Command:"/usr/bin/make" "cmTC_d709f/fast"]
  ignore line: [/Applications/Xcode.app/Contents/Developer/usr/bin/make -f CMakeFiles/cmTC_d709f.dir/build.make CMakeFiles/cmTC_d709f.dir/build]
  ignore line: [Building CXX object CMakeFiles/cmTC_d709f.dir/CMakeCXXCompilerABI.cpp.o]
  ignore line: [/Users/jing/miniconda3/envs/pybind_env/bin/c++     -o CMakeFiles/cmTC_d709f.dir/CMakeCXXCompilerABI.cpp.o -c /Users/jing/miniconda3/envs/pybind_env/share/cmake-3.9/Modules/CMakeCXXCompilerABI.cpp]
  ignore line: [Linking CXX executable cmTC_d709f]
  ignore line: [/Users/jing/miniconda3/envs/pybind_env/bin/cmake -E cmake_link_script CMakeFiles/cmTC_d709f.dir/link.txt --verbose=1]
  ignore line: [/Users/jing/miniconda3/envs/pybind_env/bin/c++    -Wl,-search_paths_first -Wl,-headerpad_max_install_names  -v -Wl,-v CMakeFiles/cmTC_d709f.dir/CMakeCXXCompilerABI.cpp.o  -o cmTC_d709f ]
  ignore line: [Using built-in specs.]
  ignore line: [COLLECT_GCC=/Users/jing/miniconda3/envs/pybind_env/bin/c++]
  ignore line: [COLLECT_LTO_WRAPPER=/Users/jing/miniconda3/envs/pybind_env/libexec/gcc/x86_64-apple-darwin13.4.0/5.2.0/lto-wrapper]
  ignore line: [Target: x86_64-apple-darwin13.4.0]
  ignore line: [Configured with: ./configure --prefix=/Users/jing/miniconda3/envs/pybind_env --libdir=/Users/jing/miniconda3/envs/pybind_env/lib --with-gmp=/Users/jing/miniconda3/envs/pybind_env --with-mpfr=/Users/jing/miniconda3/envs/pybind_env --with-mpc=/Users/jing/miniconda3/envs/pybind_env --with-isl=/Users/jing/miniconda3/envs/pybind_env --with-cloog=/Users/jing/miniconda3/envs/pybind_env --with-boot-ldflags=-Wl,-headerpad_max_install_names --with-stage1-ldflags=-Wl,-headerpad_max_install_names --enable-checking=release --disable-multilib]
  ignore line: [Thread model: posix]
  ignore line: [gcc version 5.2.0 (GCC) ]
  ignore line: [COMPILER_PATH=/Users/jing/miniconda3/envs/pybind_env/libexec/gcc/x86_64-apple-darwin13.4.0/5.2.0/:/Users/jing/miniconda3/envs/pybind_env/libexec/gcc/x86_64-apple-darwin13.4.0/5.2.0/:/Users/jing/miniconda3/envs/pybind_env/libexec/gcc/x86_64-apple-darwin13.4.0/:/Users/jing/miniconda3/envs/pybind_env/lib/gcc/x86_64-apple-darwin13.4.0/5.2.0/:/Users/jing/miniconda3/envs/pybind_env/lib/gcc/x86_64-apple-darwin13.4.0/]
  ignore line: [LIBRARY_PATH=/Users/jing/miniconda3/envs/pybind_env/lib/gcc/x86_64-apple-darwin13.4.0/5.2.0/:/Users/jing/miniconda3/envs/pybind_env/lib/gcc/x86_64-apple-darwin13.4.0/5.2.0/../../../:/usr/lib/]
  ignore line: [COLLECT_GCC_OPTIONS='-mmacosx-version-min=10.13.3' '-v' '-o' 'cmTC_d709f' '-shared-libgcc' '-mtune=core2']
  link line: [ /Users/jing/miniconda3/envs/pybind_env/libexec/gcc/x86_64-apple-darwin13.4.0/5.2.0/collect2 -dynamic -arch x86_64 -macosx_version_min 10.13.3 -weak_reference_mismatches non-weak -o cmTC_d709f -L/Users/jing/miniconda3/envs/pybind_env/lib/gcc/x86_64-apple-darwin13.4.0/5.2.0 -L/Users/jing/miniconda3/envs/pybind_env/lib/gcc/x86_64-apple-darwin13.4.0/5.2.0/../../.. -search_paths_first -headerpad_max_install_names -v CMakeFiles/cmTC_d709f.dir/CMakeCXXCompilerABI.cpp.o -lstdc++ -no_compact_unwind -lSystem -lgcc_ext.10.5 -lgcc -lSystem -v]
    arg [/Users/jing/miniconda3/envs/pybind_env/libexec/gcc/x86_64-apple-darwin13.4.0/5.2.0/collect2] ==> ignore
    arg [-dynamic] ==> ignore
    arg [-arch] ==> ignore
    arg [x86_64] ==> ignore
    arg [-macosx_version_min] ==> ignore
    arg [10.13.3] ==> ignore
    arg [-weak_reference_mismatches] ==> ignore
    arg [non-weak] ==> ignore
    arg [-o] ==> ignore
    arg [cmTC_d709f] ==> ignore
    arg [-L/Users/jing/miniconda3/envs/pybind_env/lib/gcc/x86_64-apple-darwin13.4.0/5.2.0] ==> dir [/Users/jing/miniconda3/envs/pybind_env/lib/gcc/x86_64-apple-darwin13.4.0/5.2.0]
    arg [-L/Users/jing/miniconda3/envs/pybind_env/lib/gcc/x86_64-apple-darwin13.4.0/5.2.0/../../..] ==> dir [/Users/jing/miniconda3/envs/pybind_env/lib/gcc/x86_64-apple-darwin13.4.0/5.2.0/../../..]
    arg [-search_paths_first] ==> ignore
    arg [-headerpad_max_install_names] ==> ignore
    arg [-v] ==> ignore
    arg [CMakeFiles/cmTC_d709f.dir/CMakeCXXCompilerABI.cpp.o] ==> ignore
    arg [-lstdc++] ==> lib [stdc++]
    arg [-no_compact_unwind] ==> ignore
    arg [-lSystem] ==> lib [System]
    arg [-lgcc_ext.10.5] ==> lib [gcc_ext.10.5]
    arg [-lgcc] ==> lib [gcc]
    arg [-lSystem] ==> lib [System]
    arg [-v] ==> ignore
  Library search paths: [;/Users/jing/miniconda3/envs/pybind_env/lib/gcc/x86_64-apple-darwin13.4.0/5.2.0;/Users/jing/miniconda3/envs/pybind_env/lib;/usr/lib;/usr/local/lib]
  Framework search paths: [;/Library/Frameworks/;/System/Library/Frameworks/]
  remove lib [System]
  remove lib [System]
  collapse library dir [/Users/jing/miniconda3/envs/pybind_env/lib/gcc/x86_64-apple-darwin13.4.0/5.2.0] ==> [/Users/jing/miniconda3/envs/pybind_env/lib/gcc/x86_64-apple-darwin13.4.0/5.2.0]
  collapse library dir [/Users/jing/miniconda3/envs/pybind_env/lib/gcc/x86_64-apple-darwin13.4.0/5.2.0/../../..] ==> [/Users/jing/miniconda3/envs/pybind_env/lib]
  collapse library dir [/Users/jing/miniconda3/envs/pybind_env/lib/gcc/x86_64-apple-darwin13.4.0/5.2.0] ==> [/Users/jing/miniconda3/envs/pybind_env/lib/gcc/x86_64-apple-darwin13.4.0/5.2.0]
  collapse library dir [/Users/jing/miniconda3/envs/pybind_env/lib] ==> [/Users/jing/miniconda3/envs/pybind_env/lib]
  collapse library dir [/usr/lib] ==> [/usr/lib]
  collapse library dir [/usr/local/lib] ==> [/usr/local/lib]
  collapse framework dir [/Library/Frameworks/] ==> [/Library/Frameworks]
  collapse framework dir [/System/Library/Frameworks/] ==> [/System/Library/Frameworks]
  implicit libs: [stdc++;gcc_ext.10.5;gcc]
  implicit dirs: [/Users/jing/miniconda3/envs/pybind_env/lib/gcc/x86_64-apple-darwin13.4.0/5.2.0;/Users/jing/miniconda3/envs/pybind_env/lib;/usr/lib;/usr/local/lib]
  implicit fwks: [/Library/Frameworks;/System/Library/Frameworks]




Detecting CXX [-std=c++1z] compiler features compiled with the following output:
Change Dir: /Users/jing/MolSSI-traning/pybind-tutorial/build/CMakeFiles/CMakeTmp

Run Build Command:"/usr/bin/make" "cmTC_7836c/fast"
/Applications/Xcode.app/Contents/Developer/usr/bin/make -f CMakeFiles/cmTC_7836c.dir/build.make CMakeFiles/cmTC_7836c.dir/build
Building CXX object CMakeFiles/cmTC_7836c.dir/feature_tests.cxx.o
/Users/jing/miniconda3/envs/pybind_env/bin/c++    -std=c++1z -o CMakeFiles/cmTC_7836c.dir/feature_tests.cxx.o -c /Users/jing/MolSSI-traning/pybind-tutorial/build/CMakeFiles/feature_tests.cxx
Linking CXX executable cmTC_7836c
/Users/jing/miniconda3/envs/pybind_env/bin/cmake -E cmake_link_script CMakeFiles/cmTC_7836c.dir/link.txt --verbose=1
/Users/jing/miniconda3/envs/pybind_env/bin/c++    -Wl,-search_paths_first -Wl,-headerpad_max_install_names   CMakeFiles/cmTC_7836c.dir/feature_tests.cxx.o  -o cmTC_7836c 


    Feature record: CXX_FEATURE:1cxx_aggregate_default_initializers
    Feature record: CXX_FEATURE:1cxx_alias_templates
    Feature record: CXX_FEATURE:1cxx_alignas
    Feature record: CXX_FEATURE:1cxx_alignof
    Feature record: CXX_FEATURE:1cxx_attributes
    Feature record: CXX_FEATURE:1cxx_attribute_deprecated
    Feature record: CXX_FEATURE:1cxx_auto_type
    Feature record: CXX_FEATURE:1cxx_binary_literals
    Feature record: CXX_FEATURE:1cxx_constexpr
    Feature record: CXX_FEATURE:1cxx_contextual_conversions
    Feature record: CXX_FEATURE:1cxx_decltype
    Feature record: CXX_FEATURE:1cxx_decltype_auto
    Feature record: CXX_FEATURE:1cxx_decltype_incomplete_return_types
    Feature record: CXX_FEATURE:1cxx_default_function_template_args
    Feature record: CXX_FEATURE:1cxx_defaulted_functions
    Feature record: CXX_FEATURE:1cxx_defaulted_move_initializers
    Feature record: CXX_FEATURE:1cxx_delegating_constructors
    Feature record: CXX_FEATURE:1cxx_deleted_functions
    Feature record: CXX_FEATURE:1cxx_digit_separators
    Feature record: CXX_FEATURE:1cxx_enum_forward_declarations
    Feature record: CXX_FEATURE:1cxx_explicit_conversions
    Feature record: CXX_FEATURE:1cxx_extended_friend_declarations
    Feature record: CXX_FEATURE:1cxx_extern_templates
    Feature record: CXX_FEATURE:1cxx_final
    Feature record: CXX_FEATURE:1cxx_func_identifier
    Feature record: CXX_FEATURE:1cxx_generalized_initializers
    Feature record: CXX_FEATURE:1cxx_generic_lambdas
    Feature record: CXX_FEATURE:1cxx_inheriting_constructors
    Feature record: CXX_FEATURE:1cxx_inline_namespaces
    Feature record: CXX_FEATURE:1cxx_lambdas
    Feature record: CXX_FEATURE:1cxx_lambda_init_captures
    Feature record: CXX_FEATURE:1cxx_local_type_template_args
    Feature record: CXX_FEATURE:1cxx_long_long_type
    Feature record: CXX_FEATURE:1cxx_noexcept
    Feature record: CXX_FEATURE:1cxx_nonstatic_member_init
    Feature record: CXX_FEATURE:1cxx_nullptr
    Feature record: CXX_FEATURE:1cxx_override
    Feature record: CXX_FEATURE:1cxx_range_for
    Feature record: CXX_FEATURE:1cxx_raw_string_literals
    Feature record: CXX_FEATURE:1cxx_reference_qualified_functions
    Feature record: CXX_FEATURE:1cxx_relaxed_constexpr
    Feature record: CXX_FEATURE:1cxx_return_type_deduction
    Feature record: CXX_FEATURE:1cxx_right_angle_brackets
    Feature record: CXX_FEATURE:1cxx_rvalue_references
    Feature record: CXX_FEATURE:1cxx_sizeof_member
    Feature record: CXX_FEATURE:1cxx_static_assert
    Feature record: CXX_FEATURE:1cxx_strong_enums
    Feature record: CXX_FEATURE:1cxx_template_template_parameters
    Feature record: CXX_FEATURE:1cxx_thread_local
    Feature record: CXX_FEATURE:1cxx_trailing_return_types
    Feature record: CXX_FEATURE:1cxx_unicode_literals
    Feature record: CXX_FEATURE:1cxx_uniform_initialization
    Feature record: CXX_FEATURE:1cxx_unrestricted_unions
    Feature record: CXX_FEATURE:1cxx_user_literals
    Feature record: CXX_FEATURE:1cxx_variable_templates
    Feature record: CXX_FEATURE:1cxx_variadic_macros
    Feature record: CXX_FEATURE:1cxx_variadic_templates


Detecting CXX [-std=c++14] compiler features compiled with the following output:
Change Dir: /Users/jing/MolSSI-traning/pybind-tutorial/build/CMakeFiles/CMakeTmp

Run Build Command:"/usr/bin/make" "cmTC_34c8d/fast"
/Applications/Xcode.app/Contents/Developer/usr/bin/make -f CMakeFiles/cmTC_34c8d.dir/build.make CMakeFiles/cmTC_34c8d.dir/build
Building CXX object CMakeFiles/cmTC_34c8d.dir/feature_tests.cxx.o
/Users/jing/miniconda3/envs/pybind_env/bin/c++    -std=c++14 -o CMakeFiles/cmTC_34c8d.dir/feature_tests.cxx.o -c /Users/jing/MolSSI-traning/pybind-tutorial/build/CMakeFiles/feature_tests.cxx
Linking CXX executable cmTC_34c8d
/Users/jing/miniconda3/envs/pybind_env/bin/cmake -E cmake_link_script CMakeFiles/cmTC_34c8d.dir/link.txt --verbose=1
/Users/jing/miniconda3/envs/pybind_env/bin/c++    -Wl,-search_paths_first -Wl,-headerpad_max_install_names   CMakeFiles/cmTC_34c8d.dir/feature_tests.cxx.o  -o cmTC_34c8d 


    Feature record: CXX_FEATURE:1cxx_aggregate_default_initializers
    Feature record: CXX_FEATURE:1cxx_alias_templates
    Feature record: CXX_FEATURE:1cxx_alignas
    Feature record: CXX_FEATURE:1cxx_alignof
    Feature record: CXX_FEATURE:1cxx_attributes
    Feature record: CXX_FEATURE:1cxx_attribute_deprecated
    Feature record: CXX_FEATURE:1cxx_auto_type
    Feature record: CXX_FEATURE:1cxx_binary_literals
    Feature record: CXX_FEATURE:1cxx_constexpr
    Feature record: CXX_FEATURE:1cxx_contextual_conversions
    Feature record: CXX_FEATURE:1cxx_decltype
    Feature record: CXX_FEATURE:1cxx_decltype_auto
    Feature record: CXX_FEATURE:1cxx_decltype_incomplete_return_types
    Feature record: CXX_FEATURE:1cxx_default_function_template_args
    Feature record: CXX_FEATURE:1cxx_defaulted_functions
    Feature record: CXX_FEATURE:1cxx_defaulted_move_initializers
    Feature record: CXX_FEATURE:1cxx_delegating_constructors
    Feature record: CXX_FEATURE:1cxx_deleted_functions
    Feature record: CXX_FEATURE:1cxx_digit_separators
    Feature record: CXX_FEATURE:1cxx_enum_forward_declarations
    Feature record: CXX_FEATURE:1cxx_explicit_conversions
    Feature record: CXX_FEATURE:1cxx_extended_friend_declarations
    Feature record: CXX_FEATURE:1cxx_extern_templates
    Feature record: CXX_FEATURE:1cxx_final
    Feature record: CXX_FEATURE:1cxx_func_identifier
    Feature record: CXX_FEATURE:1cxx_generalized_initializers
    Feature record: CXX_FEATURE:1cxx_generic_lambdas
    Feature record: CXX_FEATURE:1cxx_inheriting_constructors
    Feature record: CXX_FEATURE:1cxx_inline_namespaces
    Feature record: CXX_FEATURE:1cxx_lambdas
    Feature record: CXX_FEATURE:1cxx_lambda_init_captures
    Feature record: CXX_FEATURE:1cxx_local_type_template_args
    Feature record: CXX_FEATURE:1cxx_long_long_type
    Feature record: CXX_FEATURE:1cxx_noexcept
    Feature record: CXX_FEATURE:1cxx_nonstatic_member_init
    Feature record: CXX_FEATURE:1cxx_nullptr
    Feature record: CXX_FEATURE:1cxx_override
    Feature record: CXX_FEATURE:1cxx_range_for
    Feature record: CXX_FEATURE:1cxx_raw_string_literals
    Feature record: CXX_FEATURE:1cxx_reference_qualified_functions
    Feature record: CXX_FEATURE:1cxx_relaxed_constexpr
    Feature record: CXX_FEATURE:1cxx_return_type_deduction
    Feature record: CXX_FEATURE:1cxx_right_angle_brackets
    Feature record: CXX_FEATURE:1cxx_rvalue_references
    Feature record: CXX_FEATURE:1cxx_sizeof_member
    Feature record: CXX_FEATURE:1cxx_static_assert
    Feature record: CXX_FEATURE:1cxx_strong_enums
    Feature record: CXX_FEATURE:1cxx_template_template_parameters
    Feature record: CXX_FEATURE:1cxx_thread_local
    Feature record: CXX_FEATURE:1cxx_trailing_return_types
    Feature record: CXX_FEATURE:1cxx_unicode_literals
    Feature record: CXX_FEATURE:1cxx_uniform_initialization
    Feature record: CXX_FEATURE:1cxx_unrestricted_unions
    Feature record: CXX_FEATURE:1cxx_user_literals
    Feature record: CXX_FEATURE:1cxx_variable_templates
    Feature record: CXX_FEATURE:1cxx_variadic_macros
    Feature record: CXX_FEATURE:1cxx_variadic_templates


Detecting CXX [-std=c++11] compiler features compiled with the following output:
Change Dir: /Users/jing/MolSSI-traning/pybind-tutorial/build/CMakeFiles/CMakeTmp

Run Build Command:"/usr/bin/make" "cmTC_b2616/fast"
/Applications/Xcode.app/Contents/Developer/usr/bin/make -f CMakeFiles/cmTC_b2616.dir/build.make CMakeFiles/cmTC_b2616.dir/build
Building CXX object CMakeFiles/cmTC_b2616.dir/feature_tests.cxx.o
/Users/jing/miniconda3/envs/pybind_env/bin/c++    -std=c++11 -o CMakeFiles/cmTC_b2616.dir/feature_tests.cxx.o -c /Users/jing/MolSSI-traning/pybind-tutorial/build/CMakeFiles/feature_tests.cxx
Linking CXX executable cmTC_b2616
/Users/jing/miniconda3/envs/pybind_env/bin/cmake -E cmake_link_script CMakeFiles/cmTC_b2616.dir/link.txt --verbose=1
/Users/jing/miniconda3/envs/pybind_env/bin/c++    -Wl,-search_paths_first -Wl,-headerpad_max_install_names   CMakeFiles/cmTC_b2616.dir/feature_tests.cxx.o  -o cmTC_b2616 


    Feature record: CXX_FEATURE:0cxx_aggregate_default_initializers
    Feature record: CXX_FEATURE:1cxx_alias_templates
    Feature record: CXX_FEATURE:1cxx_alignas
    Feature record: CXX_FEATURE:1cxx_alignof
    Feature record: CXX_FEATURE:1cxx_attributes
    Feature record: CXX_FEATURE:0cxx_attribute_deprecated
    Feature record: CXX_FEATURE:1cxx_auto_type
    Feature record: CXX_FEATURE:0cxx_binary_literals
    Feature record: CXX_FEATURE:1cxx_constexpr
    Feature record: CXX_FEATURE:0cxx_contextual_conversions
    Feature record: CXX_FEATURE:1cxx_decltype
    Feature record: CXX_FEATURE:0cxx_decltype_auto
    Feature record: CXX_FEATURE:1cxx_decltype_incomplete_return_types
    Feature record: CXX_FEATURE:1cxx_default_function_template_args
    Feature record: CXX_FEATURE:1cxx_defaulted_functions
    Feature record: CXX_FEATURE:1cxx_defaulted_move_initializers
    Feature record: CXX_FEATURE:1cxx_delegating_constructors
    Feature record: CXX_FEATURE:1cxx_deleted_functions
    Feature record: CXX_FEATURE:0cxx_digit_separators
    Feature record: CXX_FEATURE:1cxx_enum_forward_declarations
    Feature record: CXX_FEATURE:1cxx_explicit_conversions
    Feature record: CXX_FEATURE:1cxx_extended_friend_declarations
    Feature record: CXX_FEATURE:1cxx_extern_templates
    Feature record: CXX_FEATURE:1cxx_final
    Feature record: CXX_FEATURE:1cxx_func_identifier
    Feature record: CXX_FEATURE:1cxx_generalized_initializers
    Feature record: CXX_FEATURE:0cxx_generic_lambdas
    Feature record: CXX_FEATURE:1cxx_inheriting_constructors
    Feature record: CXX_FEATURE:1cxx_inline_namespaces
    Feature record: CXX_FEATURE:1cxx_lambdas
    Feature record: CXX_FEATURE:0cxx_lambda_init_captures
    Feature record: CXX_FEATURE:1cxx_local_type_template_args
    Feature record: CXX_FEATURE:1cxx_long_long_type
    Feature record: CXX_FEATURE:1cxx_noexcept
    Feature record: CXX_FEATURE:1cxx_nonstatic_member_init
    Feature record: CXX_FEATURE:1cxx_nullptr
    Feature record: CXX_FEATURE:1cxx_override
    Feature record: CXX_FEATURE:1cxx_range_for
    Feature record: CXX_FEATURE:1cxx_raw_string_literals
    Feature record: CXX_FEATURE:1cxx_reference_qualified_functions
    Feature record: CXX_FEATURE:0cxx_relaxed_constexpr
    Feature record: CXX_FEATURE:0cxx_return_type_deduction
    Feature record: CXX_FEATURE:1cxx_right_angle_brackets
    Feature record: CXX_FEATURE:1cxx_rvalue_references
    Feature record: CXX_FEATURE:1cxx_sizeof_member
    Feature record: CXX_FEATURE:1cxx_static_assert
    Feature record: CXX_FEATURE:1cxx_strong_enums
    Feature record: CXX_FEATURE:1cxx_template_template_parameters
    Feature record: CXX_FEATURE:1cxx_thread_local
    Feature record: CXX_FEATURE:1cxx_trailing_return_types
    Feature record: CXX_FEATURE:1cxx_unicode_literals
    Feature record: CXX_FEATURE:1cxx_uniform_initialization
    Feature record: CXX_FEATURE:1cxx_unrestricted_unions
    Feature record: CXX_FEATURE:1cxx_user_literals
    Feature record: CXX_FEATURE:0cxx_variable_templates
    Feature record: CXX_FEATURE:1cxx_variadic_macros
    Feature record: CXX_FEATURE:1cxx_variadic_templates


Detecting CXX [-std=c++98] compiler features compiled with the following output:
Change Dir: /Users/jing/MolSSI-traning/pybind-tutorial/build/CMakeFiles/CMakeTmp

Run Build Command:"/usr/bin/make" "cmTC_a1ede/fast"
/Applications/Xcode.app/Contents/Developer/usr/bin/make -f CMakeFiles/cmTC_a1ede.dir/build.make CMakeFiles/cmTC_a1ede.dir/build
Building CXX object CMakeFiles/cmTC_a1ede.dir/feature_tests.cxx.o
/Users/jing/miniconda3/envs/pybind_env/bin/c++    -std=c++98 -o CMakeFiles/cmTC_a1ede.dir/feature_tests.cxx.o -c /Users/jing/MolSSI-traning/pybind-tutorial/build/CMakeFiles/feature_tests.cxx
Linking CXX executable cmTC_a1ede
/Users/jing/miniconda3/envs/pybind_env/bin/cmake -E cmake_link_script CMakeFiles/cmTC_a1ede.dir/link.txt --verbose=1
/Users/jing/miniconda3/envs/pybind_env/bin/c++    -Wl,-search_paths_first -Wl,-headerpad_max_install_names   CMakeFiles/cmTC_a1ede.dir/feature_tests.cxx.o  -o cmTC_a1ede 


    Feature record: CXX_FEATURE:0cxx_aggregate_default_initializers
    Feature record: CXX_FEATURE:0cxx_alias_templates
    Feature record: CXX_FEATURE:0cxx_alignas
    Feature record: CXX_FEATURE:0cxx_alignof
    Feature record: CXX_FEATURE:0cxx_attributes
    Feature record: CXX_FEATURE:0cxx_attribute_deprecated
    Feature record: CXX_FEATURE:0cxx_auto_type
    Feature record: CXX_FEATURE:0cxx_binary_literals
    Feature record: CXX_FEATURE:0cxx_constexpr
    Feature record: CXX_FEATURE:0cxx_contextual_conversions
    Feature record: CXX_FEATURE:0cxx_decltype
    Feature record: CXX_FEATURE:0cxx_decltype_auto
    Feature record: CXX_FEATURE:0cxx_decltype_incomplete_return_types
    Feature record: CXX_FEATURE:0cxx_default_function_template_args
    Feature record: CXX_FEATURE:0cxx_defaulted_functions
    Feature record: CXX_FEATURE:0cxx_defaulted_move_initializers
    Feature record: CXX_FEATURE:0cxx_delegating_constructors
    Feature record: CXX_FEATURE:0cxx_deleted_functions
    Feature record: CXX_FEATURE:0cxx_digit_separators
    Feature record: CXX_FEATURE:0cxx_enum_forward_declarations
    Feature record: CXX_FEATURE:0cxx_explicit_conversions
    Feature record: CXX_FEATURE:0cxx_extended_friend_declarations
    Feature record: CXX_FEATURE:0cxx_extern_templates
    Feature record: CXX_FEATURE:0cxx_final
    Feature record: CXX_FEATURE:0cxx_func_identifier
    Feature record: CXX_FEATURE:0cxx_generalized_initializers
    Feature record: CXX_FEATURE:0cxx_generic_lambdas
    Feature record: CXX_FEATURE:0cxx_inheriting_constructors
    Feature record: CXX_FEATURE:0cxx_inline_namespaces
    Feature record: CXX_FEATURE:0cxx_lambdas
    Feature record: CXX_FEATURE:0cxx_lambda_init_captures
    Feature record: CXX_FEATURE:0cxx_local_type_template_args
    Feature record: CXX_FEATURE:0cxx_long_long_type
    Feature record: CXX_FEATURE:0cxx_noexcept
    Feature record: CXX_FEATURE:0cxx_nonstatic_member_init
    Feature record: CXX_FEATURE:0cxx_nullptr
    Feature record: CXX_FEATURE:0cxx_override
    Feature record: CXX_FEATURE:0cxx_range_for
    Feature record: CXX_FEATURE:0cxx_raw_string_literals
    Feature record: CXX_FEATURE:0cxx_reference_qualified_functions
    Feature record: CXX_FEATURE:0cxx_relaxed_constexpr
    Feature record: CXX_FEATURE:0cxx_return_type_deduction
    Feature record: CXX_FEATURE:0cxx_right_angle_brackets
    Feature record: CXX_FEATURE:0cxx_rvalue_references
    Feature record: CXX_FEATURE:0cxx_sizeof_member
    Feature record: CXX_FEATURE:0cxx_static_assert
    Feature record: CXX_FEATURE:0cxx_strong_enums
    Feature record: CXX_FEATURE:1cxx_template_template_parameters
    Feature record: CXX_FEATURE:0cxx_thread_local
    Feature record: CXX_FEATURE:0cxx_trailing_return_types
    Feature record: CXX_FEATURE:0cxx_unicode_literals
    Feature record: CXX_FEATURE:0cxx_uniform_initialization
    Feature record: CXX_FEATURE:0cxx_unrestricted_unions
    Feature record: CXX_FEATURE:0cxx_user_literals
    Feature record: CXX_FEATURE:0cxx_variable_templates
    Feature record: CXX_FEATURE:0cxx_variadic_macros
    Feature record: CXX_FEATURE:0cxx_variadic_templates
